Tokens:
LexToken(VOID,'void',1,0)
LexToken(ID,'main',1,5)
LexToken(LPAREN,'(',1,9)
LexToken(VOID,'void',1,10)
LexToken(RPAREN,')',1,14)
LexToken(LBRACE,'{',1,16)
LexToken(INT,'int',2,20)
LexToken(ID,'a',2,24)
LexToken(COMMA,',',2,25)
LexToken(ID,'b',2,27)
LexToken(SEMI,';',2,28)
LexToken(ID,'a',3,32)
LexToken(EQUALS,'=',3,34)
LexToken(INT_CONST,2,3,36)
LexToken(SEMI,';',3,37)
LexToken(STRING,'string',5,42)
LexToken(ID,'c',5,49)
LexToken(SEMI,';',5,50)
LexToken(ID,'b',9,61)
LexToken(EQUALS,'=',9,63)
LexToken(INT_CONST,3,9,65)
LexToken(SEMI,';',9,66)
LexToken(ID,'c',10,70)
LexToken(EQUALS,'=',10,72)
LexToken(STRING_CONST,'hello',10,74)
LexToken(SEMI,';',10,81)
LexToken(ID,'print',11,85)
LexToken(LPAREN,'(',11,90)
LexToken(INT_CONST,1,11,91)
LexToken(COMMA,',',11,92)
LexToken(INT_CONST,2,11,93)
LexToken(COMMA,',',11,94)
LexToken(ID,'c',11,95)
LexToken(RPAREN,')',11,96)
LexToken(SEMI,';',11,97)
LexToken(ID,'c',13,104)
LexToken(EQUALS,'=',13,106)
LexToken(ID,'readInt',13,108)
LexToken(LPAREN,'(',13,115)
LexToken(RPAREN,')',13,116)
LexToken(SEMI,';',13,117)
LexToken(ID,'print',14,121)
LexToken(LPAREN,'(',14,126)
LexToken(ID,'a',14,127)
LexToken(COMMA,',',14,128)
LexToken(ID,'b',14,129)
LexToken(COMMA,',',14,130)
LexToken(ID,'c',14,131)
LexToken(RPAREN,')',14,132)
LexToken(SEMI,';',14,133)
LexToken(RBRACE,'}',15,135)

Simulation of derivation tree:
('start',
 ('program',
  ('function-definition',
   ('function-header',
    ('var-type', 'void'),
    'main',
    ('function-parameter-list', 'void')),
   ('function-body',
    ('statement-scope',
     ('statement',
      ('variable-definition',
       ('var-type', 'int'),
       'a',
       ('next-var', 'b', None)),
      ('statement',
       ('variable-assignment', 'a', ('expression-value', 'int', 2)),
       ('statement',
        ('variable-definition', ('var-type', 'string'), 'c', None),
        ('statement',
         ('variable-assignment', 'b', ('expression-value', 'int', 3)),
         ('statement',
          ('variable-assignment', 'c', ('expression-value', 'string', 'hello')),
          ('statement',
           ('statement-expr',
            ('expression-function-call',
             'print',
             ('expression-list',
              ('expression-value', 'int', 1),
              ('next-expression',
               ('expression-value', 'int', 2),
               ('next-expression',
                ('expression-value', 'identifier', 'c'),
                None))))),
           ('statement',
            ('variable-assignment',
             'c',
             ('expression-function-call', 'readInt', None)),
            ('statement',
             ('statement-expr',
              ('expression-function-call',
               'print',
               ('expression-list',
                ('expression-value', 'identifier', 'a'),
                ('next-expression',
                 ('expression-value', 'identifier', 'b'),
                 ('next-expression',
                  ('expression-value', 'identifier', 'c'),
                  None))))),
             None)))))))),
     ('statement-scope-end', None)))),
  None))
Program:

    Function: (self.name='main', self.return_type='void', args=[])
[[('readInt', <class 'vypa_compiler.internals._models.Function'>), ('readString', <class 'vypa_compiler.internals._models.Function'>), ('length', <class 'vypa_compiler.internals._models.Function'>), ('subStr', <class 'vypa_compiler.internals._models.Function'>), ('main', <class 'vypa_compiler.internals._models.Function'>)]]
['root', 'Function', 'main']_________                                                                                                                                                                                                                                                                                                                                                                                                                                                                                                                                                                                                                                                                                                       
                                     \                                                                                                                                                                                                                                                                                                                                                                                                                                                                                                                                                                                                                                                                                                      
                            ['Statement-scope']____________________________________________________________________________                                                                                                                                                                                                                                                                                                                                                                                                                                                                                                                                                                                                                 
                                                                                                                           \                                                                                                                                                                                                                                                                                                                                                                                                                                                                                                                                                                                                                
                                                                                                    _________________['Statement']______________________________________________                                                                                                                                                                                                                                                                                                                                                                                                                                                                                                                                                            
                                                                                                   /                                                                            \                                                                                                                                                                                                                                                                                                                                                                                                                                                                                                                                                           
                                                                 _________________['Variable-definition', 'int', 'a']                                 ____________________['Statement']____________________________________________                                                                                                                                                                                                                                                                                                                                                                                                                                                                                                         
                                                                /                                                                                    /                                                                             \                                                                                                                                                                                                                                                                                                                                                                                                                                                                                                        
                                               ['Variable-definition', 'int', 'b']                                                         ________['=']_________                                          __________________['Statement']______________________________________________                                                                                                                                                                                                                                                                                                                                                                                                                                                    
                                                                                                                                          /                      \                                        /                                                                             \                                                                                                                                                                                                                                                                                                                                                                                                                                                   
                                                                                                                                  ['Variable', 'a']     ['Int-Literal', 2]             ['Variable-definition', 'string', 'c']                                 ____________________['Statement']_______________________________________________________                                                                                                                                                                                                                                                                                                                                                                                      
                                                                                                                                                                                                                                                             /                                                                                        \                                                                                                                                                                                                                                                                                                                                                                                     
                                                                                                                                                                                                                                                   ________['=']_________                                          _____________________________['Statement']________________________________________________________________________________________________________________________________________________                                                                                                                                                                                                                               
                                                                                                                                                                                                                                                  /                      \                                        /                                                                                                                                                                                          \                                                                                                                                                                                                                              
                                                                                                                                                                                                                                          ['Variable', 'b']     ['Int-Literal', 3]                      ________['=']_____________                                         ____________________________________________________________________________________________________________________________['Statement']________________________________________________________                                                                                                                                                                
                                                                                                                                                                                                                                                                                                       /                          \                                       /                                                                                                                                                                                                 \                                                                                                                                                               
                                                                                                                                                                                                                                                                                               ['Variable', 'c']     ['String-Literal', 'hello']             ['Function-call', 'print']___________________________                                                                                                                      ______________________________['Statement']__________________________________________________________________________________________________________________________________________________       
                                                                                                                                                                                                                                                                                                                                                                                                                  \                                                                                                                    /                                                                                                                                                                                             \      
                                                                                                                                                                                                                                                                                                                                                                                                 ________['Expression-list']___________________________                                                                      ________['=']______________                                         ______________________________________________________________________________________________________________________________['Statement']
                                                                                                                                                                                                                                                                                                                                                                                                /                                                      \                                                                    /                           \                                       /                                                                                                                                           
                                                                                                                                                                                                                                                                                                                                                                                       ['Int-Literal', 1]                             ________['Next-expression']____________________________                       ['Variable', 'c']     ['Function-call', 'readInt']             ['Function-call', 'print']____________________________                                                                                                   
                                                                                                                                                                                                                                                                                                                                                                                                                                     /                                                       \                                                                                                                                           \                                                                                                  
                                                                                                                                                                                                                                                                                                                                                                                                                            ['Int-Literal', 2]                             _________['Next-expression']                                                                                                                _________['Expression-list']____________________________                                                             
                                                                                                                                                                                                                                                                                                                                                                                                                                                                          /                                                                                                                                           /                                                        \                                                            
                                                                                                                                                                                                                                                                                                                                                                                                                                                                 ['Identifier', 'c']                                                                                                                         ['Identifier', 'a']                             _________['Next-expression']____________________________                       
                                                                                                                                                                                                                                                                                                                                                                                                                                                                                                                                                                                                                                                            /                                                        \                      
                                                                                                                                                                                                                                                                                                                                                                                                                                                                                                                                                                                                                                                   ['Identifier', 'b']                             _________['Next-expression']             
                                                                                                                                                                                                                                                                                                                                                                                                                                                                                                                                                                                                                                                                                                  /                                         
                                                                                                                                                                                                                                                                                                                                                                                                                                                                                                                                                                                                                                                                                         ['Identifier', 'c']                                
root | Function | main
Statement-scope
Statement
Variable-definition | int | a
Variable-definition | int | b
Statement
=
Int-Literal | 2
Statement
Variable-definition | string | c
Statement
=
Int-Literal | 3
Statement
=
String-Literal | hello
Statement
Function-call | print
Expression-list
Int-Literal | 1
>>> list:  ['Int-Literal', 1]
Next-expression
Int-Literal | 2
>>> next:  ['Int-Literal', 2]
Next-expression
Identifier | c
>>> next:  ['Identifier', 'c']
>>> params:  [Int-Literal | 1, Int-Literal | 2, Identifier | c]
>>> params in print: [Int-Literal | 1, Int-Literal | 2, Identifier | c]
Statement
=
Function-call | readInt
Statement
Function-call | print
Expression-list
Identifier | a
>>> list:  ['Identifier', 'a']
Next-expression
Identifier | b
>>> next:  ['Identifier', 'b']
Next-expression
Identifier | c
>>> next:  ['Identifier', 'c']
>>> params:  [Identifier | a, Identifier | b, Identifier | c]
>>> params in print: [Identifier | a, Identifier | b, Identifier | c]
