Created by PLY version 3.11 (http://www.dabeaz.com/ply)

Unused terminals:

    ELSE
    IF
    LBRACKET
    NEW
    PERIOD
    RBRACKET
    RETURN
    SUPER
    THIS
    WHILE

Grammar

Rule 0     S' -> program
Rule 1     program -> func_def program
Rule 2     program -> class_def program
Rule 3     program -> empty
Rule 4     empty -> <empty>
Rule 5     func_def -> func_header func_body
Rule 6     func_header -> var_type ID LPAREN param_list RPAREN
Rule 7     func_body -> LBRACE statement RBRACE
Rule 8     param_list -> VOID
Rule 9     param_list -> func_param
Rule 10    func_param_def -> var_type ID
Rule 11    func_param -> func_param_def next_param
Rule 12    next_param -> COMMA func_param_def
Rule 13    next_param -> empty
Rule 14    class_def -> CLASS ID COLON ID class_body
Rule 15    class_body -> LBRACE class_members RBRACE
Rule 16    class_members -> field_def
Rule 17    class_members -> func_def
Rule 18    field_def -> var_type ID multiple_field_def
Rule 19    multiple_field_def -> SEMI
Rule 20    multiple_field_def -> COLON ID multiple_field_def
Rule 21    var_type -> INT
Rule 22    var_type -> STRING
Rule 23    var_type -> VOID
Rule 24    var_type -> ID
Rule 25    statement -> var_def statement
Rule 26    statement -> var_assignment statement
Rule 27    statement -> expr SEMI
Rule 28    statement -> empty
Rule 29    var_assignment -> ID EQUALS expr SEMI
Rule 30    var_def -> var_type ID multiple_var_def
Rule 31    multiple_var_def -> SEMI
Rule 32    multiple_var_def -> COMMA ID multiple_var_def
Rule 33    expr -> ID
Rule 34    expr -> INT_CONST
Rule 35    expr -> STRING_CONST
Rule 36    expr -> LPAREN expr RPAREN
Rule 37    expr -> expr PLUS expr
Rule 38    expr -> expr MINUS expr
Rule 39    expr -> expr TIMES expr
Rule 40    expr -> expr DIVIDE expr
Rule 41    expr -> LNOT expr
Rule 42    expr -> expr LOR expr
Rule 43    expr -> expr LAND expr
Rule 44    expr -> expr LT expr
Rule 45    expr -> expr LE expr
Rule 46    expr -> expr GE expr
Rule 47    expr -> expr GT expr
Rule 48    expr -> expr EQ expr
Rule 49    expr -> expr NE expr

Terminals, with rules where they appear

CLASS                : 14
COLON                : 14 20
COMMA                : 12 32
DIVIDE               : 40
ELSE                 : 
EQ                   : 48
EQUALS               : 29
GE                   : 46
GT                   : 47
ID                   : 6 10 14 14 18 20 24 29 30 32 33
IF                   : 
INT                  : 21
INT_CONST            : 34
LAND                 : 43
LBRACE               : 7 15
LBRACKET             : 
LE                   : 45
LNOT                 : 41
LOR                  : 42
LPAREN               : 6 36
LT                   : 44
MINUS                : 38
NE                   : 49
NEW                  : 
PERIOD               : 
PLUS                 : 37
RBRACE               : 7 15
RBRACKET             : 
RETURN               : 
RPAREN               : 6 36
SEMI                 : 19 27 29 31
STRING               : 22
STRING_CONST         : 35
SUPER                : 
THIS                 : 
TIMES                : 39
VOID                 : 8 23
WHILE                : 
error                : 

Nonterminals, with rules where they appear

class_body           : 14
class_def            : 2
class_members        : 15
empty                : 3 13 28
expr                 : 27 29 36 37 37 38 38 39 39 40 40 41 42 42 43 43 44 44 45 45 46 46 47 47 48 48 49 49
field_def            : 16
func_body            : 5
func_def             : 1 17
func_header          : 5
func_param           : 9
func_param_def       : 11 12
multiple_field_def   : 18 20
multiple_var_def     : 30 32
next_param           : 11
param_list           : 6
program              : 1 2 0
statement            : 7 25 26
var_assignment       : 26
var_def              : 25
var_type             : 6 10 18 30

Parsing method: LALR

state 0

    (0) S' -> . program
    (1) program -> . func_def program
    (2) program -> . class_def program
    (3) program -> . empty
    (5) func_def -> . func_header func_body
    (14) class_def -> . CLASS ID COLON ID class_body
    (4) empty -> .
    (6) func_header -> . var_type ID LPAREN param_list RPAREN
    (21) var_type -> . INT
    (22) var_type -> . STRING
    (23) var_type -> . VOID
    (24) var_type -> . ID

    CLASS           shift and go to state 6
    $end            reduce using rule 4 (empty -> .)
    INT             shift and go to state 9
    STRING          shift and go to state 10
    VOID            shift and go to state 11
    ID              shift and go to state 7

    program                        shift and go to state 1
    func_def                       shift and go to state 2
    class_def                      shift and go to state 3
    empty                          shift and go to state 4
    func_header                    shift and go to state 5
    var_type                       shift and go to state 8

state 1

    (0) S' -> program .



state 2

    (1) program -> func_def . program
    (1) program -> . func_def program
    (2) program -> . class_def program
    (3) program -> . empty
    (5) func_def -> . func_header func_body
    (14) class_def -> . CLASS ID COLON ID class_body
    (4) empty -> .
    (6) func_header -> . var_type ID LPAREN param_list RPAREN
    (21) var_type -> . INT
    (22) var_type -> . STRING
    (23) var_type -> . VOID
    (24) var_type -> . ID

    CLASS           shift and go to state 6
    $end            reduce using rule 4 (empty -> .)
    INT             shift and go to state 9
    STRING          shift and go to state 10
    VOID            shift and go to state 11
    ID              shift and go to state 7

    func_def                       shift and go to state 2
    program                        shift and go to state 12
    class_def                      shift and go to state 3
    empty                          shift and go to state 4
    func_header                    shift and go to state 5
    var_type                       shift and go to state 8

state 3

    (2) program -> class_def . program
    (1) program -> . func_def program
    (2) program -> . class_def program
    (3) program -> . empty
    (5) func_def -> . func_header func_body
    (14) class_def -> . CLASS ID COLON ID class_body
    (4) empty -> .
    (6) func_header -> . var_type ID LPAREN param_list RPAREN
    (21) var_type -> . INT
    (22) var_type -> . STRING
    (23) var_type -> . VOID
    (24) var_type -> . ID

    CLASS           shift and go to state 6
    $end            reduce using rule 4 (empty -> .)
    INT             shift and go to state 9
    STRING          shift and go to state 10
    VOID            shift and go to state 11
    ID              shift and go to state 7

    class_def                      shift and go to state 3
    program                        shift and go to state 13
    func_def                       shift and go to state 2
    empty                          shift and go to state 4
    func_header                    shift and go to state 5
    var_type                       shift and go to state 8

state 4

    (3) program -> empty .

    $end            reduce using rule 3 (program -> empty .)


state 5

    (5) func_def -> func_header . func_body
    (7) func_body -> . LBRACE statement RBRACE

    LBRACE          shift and go to state 15

    func_body                      shift and go to state 14

state 6

    (14) class_def -> CLASS . ID COLON ID class_body

    ID              shift and go to state 16


state 7

    (24) var_type -> ID .

    ID              reduce using rule 24 (var_type -> ID .)


state 8

    (6) func_header -> var_type . ID LPAREN param_list RPAREN

    ID              shift and go to state 17


state 9

    (21) var_type -> INT .

    ID              reduce using rule 21 (var_type -> INT .)


state 10

    (22) var_type -> STRING .

    ID              reduce using rule 22 (var_type -> STRING .)


state 11

    (23) var_type -> VOID .

    ID              reduce using rule 23 (var_type -> VOID .)


state 12

    (1) program -> func_def program .

    $end            reduce using rule 1 (program -> func_def program .)


state 13

    (2) program -> class_def program .

    $end            reduce using rule 2 (program -> class_def program .)


state 14

    (5) func_def -> func_header func_body .

    CLASS           reduce using rule 5 (func_def -> func_header func_body .)
    INT             reduce using rule 5 (func_def -> func_header func_body .)
    STRING          reduce using rule 5 (func_def -> func_header func_body .)
    VOID            reduce using rule 5 (func_def -> func_header func_body .)
    ID              reduce using rule 5 (func_def -> func_header func_body .)
    $end            reduce using rule 5 (func_def -> func_header func_body .)
    RBRACE          reduce using rule 5 (func_def -> func_header func_body .)


state 15

    (7) func_body -> LBRACE . statement RBRACE
    (25) statement -> . var_def statement
    (26) statement -> . var_assignment statement
    (27) statement -> . expr SEMI
    (28) statement -> . empty
    (30) var_def -> . var_type ID multiple_var_def
    (29) var_assignment -> . ID EQUALS expr SEMI
    (33) expr -> . ID
    (34) expr -> . INT_CONST
    (35) expr -> . STRING_CONST
    (36) expr -> . LPAREN expr RPAREN
    (37) expr -> . expr PLUS expr
    (38) expr -> . expr MINUS expr
    (39) expr -> . expr TIMES expr
    (40) expr -> . expr DIVIDE expr
    (41) expr -> . LNOT expr
    (42) expr -> . expr LOR expr
    (43) expr -> . expr LAND expr
    (44) expr -> . expr LT expr
    (45) expr -> . expr LE expr
    (46) expr -> . expr GE expr
    (47) expr -> . expr GT expr
    (48) expr -> . expr EQ expr
    (49) expr -> . expr NE expr
    (4) empty -> .
    (21) var_type -> . INT
    (22) var_type -> . STRING
    (23) var_type -> . VOID
    (24) var_type -> . ID

    ID              shift and go to state 24
    INT_CONST       shift and go to state 25
    STRING_CONST    shift and go to state 26
    LPAREN          shift and go to state 27
    LNOT            shift and go to state 28
    RBRACE          reduce using rule 4 (empty -> .)
    INT             shift and go to state 9
    STRING          shift and go to state 10
    VOID            shift and go to state 11

    statement                      shift and go to state 18
    var_def                        shift and go to state 19
    var_assignment                 shift and go to state 20
    expr                           shift and go to state 21
    empty                          shift and go to state 22
    var_type                       shift and go to state 23

state 16

    (14) class_def -> CLASS ID . COLON ID class_body

    COLON           shift and go to state 29


state 17

    (6) func_header -> var_type ID . LPAREN param_list RPAREN

    LPAREN          shift and go to state 30


state 18

    (7) func_body -> LBRACE statement . RBRACE

    RBRACE          shift and go to state 31


state 19

    (25) statement -> var_def . statement
    (25) statement -> . var_def statement
    (26) statement -> . var_assignment statement
    (27) statement -> . expr SEMI
    (28) statement -> . empty
    (30) var_def -> . var_type ID multiple_var_def
    (29) var_assignment -> . ID EQUALS expr SEMI
    (33) expr -> . ID
    (34) expr -> . INT_CONST
    (35) expr -> . STRING_CONST
    (36) expr -> . LPAREN expr RPAREN
    (37) expr -> . expr PLUS expr
    (38) expr -> . expr MINUS expr
    (39) expr -> . expr TIMES expr
    (40) expr -> . expr DIVIDE expr
    (41) expr -> . LNOT expr
    (42) expr -> . expr LOR expr
    (43) expr -> . expr LAND expr
    (44) expr -> . expr LT expr
    (45) expr -> . expr LE expr
    (46) expr -> . expr GE expr
    (47) expr -> . expr GT expr
    (48) expr -> . expr EQ expr
    (49) expr -> . expr NE expr
    (4) empty -> .
    (21) var_type -> . INT
    (22) var_type -> . STRING
    (23) var_type -> . VOID
    (24) var_type -> . ID

    ID              shift and go to state 24
    INT_CONST       shift and go to state 25
    STRING_CONST    shift and go to state 26
    LPAREN          shift and go to state 27
    LNOT            shift and go to state 28
    RBRACE          reduce using rule 4 (empty -> .)
    INT             shift and go to state 9
    STRING          shift and go to state 10
    VOID            shift and go to state 11

    var_def                        shift and go to state 19
    statement                      shift and go to state 32
    var_assignment                 shift and go to state 20
    expr                           shift and go to state 21
    empty                          shift and go to state 22
    var_type                       shift and go to state 23

state 20

    (26) statement -> var_assignment . statement
    (25) statement -> . var_def statement
    (26) statement -> . var_assignment statement
    (27) statement -> . expr SEMI
    (28) statement -> . empty
    (30) var_def -> . var_type ID multiple_var_def
    (29) var_assignment -> . ID EQUALS expr SEMI
    (33) expr -> . ID
    (34) expr -> . INT_CONST
    (35) expr -> . STRING_CONST
    (36) expr -> . LPAREN expr RPAREN
    (37) expr -> . expr PLUS expr
    (38) expr -> . expr MINUS expr
    (39) expr -> . expr TIMES expr
    (40) expr -> . expr DIVIDE expr
    (41) expr -> . LNOT expr
    (42) expr -> . expr LOR expr
    (43) expr -> . expr LAND expr
    (44) expr -> . expr LT expr
    (45) expr -> . expr LE expr
    (46) expr -> . expr GE expr
    (47) expr -> . expr GT expr
    (48) expr -> . expr EQ expr
    (49) expr -> . expr NE expr
    (4) empty -> .
    (21) var_type -> . INT
    (22) var_type -> . STRING
    (23) var_type -> . VOID
    (24) var_type -> . ID

    ID              shift and go to state 24
    INT_CONST       shift and go to state 25
    STRING_CONST    shift and go to state 26
    LPAREN          shift and go to state 27
    LNOT            shift and go to state 28
    RBRACE          reduce using rule 4 (empty -> .)
    INT             shift and go to state 9
    STRING          shift and go to state 10
    VOID            shift and go to state 11

    var_assignment                 shift and go to state 20
    statement                      shift and go to state 33
    var_def                        shift and go to state 19
    expr                           shift and go to state 21
    empty                          shift and go to state 22
    var_type                       shift and go to state 23

state 21

    (27) statement -> expr . SEMI
    (37) expr -> expr . PLUS expr
    (38) expr -> expr . MINUS expr
    (39) expr -> expr . TIMES expr
    (40) expr -> expr . DIVIDE expr
    (42) expr -> expr . LOR expr
    (43) expr -> expr . LAND expr
    (44) expr -> expr . LT expr
    (45) expr -> expr . LE expr
    (46) expr -> expr . GE expr
    (47) expr -> expr . GT expr
    (48) expr -> expr . EQ expr
    (49) expr -> expr . NE expr

    SEMI            shift and go to state 34
    PLUS            shift and go to state 35
    MINUS           shift and go to state 36
    TIMES           shift and go to state 37
    DIVIDE          shift and go to state 38
    LOR             shift and go to state 39
    LAND            shift and go to state 40
    LT              shift and go to state 41
    LE              shift and go to state 42
    GE              shift and go to state 43
    GT              shift and go to state 44
    EQ              shift and go to state 45
    NE              shift and go to state 46


state 22

    (28) statement -> empty .

    RBRACE          reduce using rule 28 (statement -> empty .)


state 23

    (30) var_def -> var_type . ID multiple_var_def

    ID              shift and go to state 47


state 24

    (29) var_assignment -> ID . EQUALS expr SEMI
    (33) expr -> ID .
    (24) var_type -> ID .

    EQUALS          shift and go to state 48
    SEMI            reduce using rule 33 (expr -> ID .)
    PLUS            reduce using rule 33 (expr -> ID .)
    MINUS           reduce using rule 33 (expr -> ID .)
    TIMES           reduce using rule 33 (expr -> ID .)
    DIVIDE          reduce using rule 33 (expr -> ID .)
    LOR             reduce using rule 33 (expr -> ID .)
    LAND            reduce using rule 33 (expr -> ID .)
    LT              reduce using rule 33 (expr -> ID .)
    LE              reduce using rule 33 (expr -> ID .)
    GE              reduce using rule 33 (expr -> ID .)
    GT              reduce using rule 33 (expr -> ID .)
    EQ              reduce using rule 33 (expr -> ID .)
    NE              reduce using rule 33 (expr -> ID .)
    ID              reduce using rule 24 (var_type -> ID .)


state 25

    (34) expr -> INT_CONST .

    SEMI            reduce using rule 34 (expr -> INT_CONST .)
    PLUS            reduce using rule 34 (expr -> INT_CONST .)
    MINUS           reduce using rule 34 (expr -> INT_CONST .)
    TIMES           reduce using rule 34 (expr -> INT_CONST .)
    DIVIDE          reduce using rule 34 (expr -> INT_CONST .)
    LOR             reduce using rule 34 (expr -> INT_CONST .)
    LAND            reduce using rule 34 (expr -> INT_CONST .)
    LT              reduce using rule 34 (expr -> INT_CONST .)
    LE              reduce using rule 34 (expr -> INT_CONST .)
    GE              reduce using rule 34 (expr -> INT_CONST .)
    GT              reduce using rule 34 (expr -> INT_CONST .)
    EQ              reduce using rule 34 (expr -> INT_CONST .)
    NE              reduce using rule 34 (expr -> INT_CONST .)
    RPAREN          reduce using rule 34 (expr -> INT_CONST .)


state 26

    (35) expr -> STRING_CONST .

    SEMI            reduce using rule 35 (expr -> STRING_CONST .)
    PLUS            reduce using rule 35 (expr -> STRING_CONST .)
    MINUS           reduce using rule 35 (expr -> STRING_CONST .)
    TIMES           reduce using rule 35 (expr -> STRING_CONST .)
    DIVIDE          reduce using rule 35 (expr -> STRING_CONST .)
    LOR             reduce using rule 35 (expr -> STRING_CONST .)
    LAND            reduce using rule 35 (expr -> STRING_CONST .)
    LT              reduce using rule 35 (expr -> STRING_CONST .)
    LE              reduce using rule 35 (expr -> STRING_CONST .)
    GE              reduce using rule 35 (expr -> STRING_CONST .)
    GT              reduce using rule 35 (expr -> STRING_CONST .)
    EQ              reduce using rule 35 (expr -> STRING_CONST .)
    NE              reduce using rule 35 (expr -> STRING_CONST .)
    RPAREN          reduce using rule 35 (expr -> STRING_CONST .)


state 27

    (36) expr -> LPAREN . expr RPAREN
    (33) expr -> . ID
    (34) expr -> . INT_CONST
    (35) expr -> . STRING_CONST
    (36) expr -> . LPAREN expr RPAREN
    (37) expr -> . expr PLUS expr
    (38) expr -> . expr MINUS expr
    (39) expr -> . expr TIMES expr
    (40) expr -> . expr DIVIDE expr
    (41) expr -> . LNOT expr
    (42) expr -> . expr LOR expr
    (43) expr -> . expr LAND expr
    (44) expr -> . expr LT expr
    (45) expr -> . expr LE expr
    (46) expr -> . expr GE expr
    (47) expr -> . expr GT expr
    (48) expr -> . expr EQ expr
    (49) expr -> . expr NE expr

    ID              shift and go to state 50
    INT_CONST       shift and go to state 25
    STRING_CONST    shift and go to state 26
    LPAREN          shift and go to state 27
    LNOT            shift and go to state 28

    expr                           shift and go to state 49

state 28

    (41) expr -> LNOT . expr
    (33) expr -> . ID
    (34) expr -> . INT_CONST
    (35) expr -> . STRING_CONST
    (36) expr -> . LPAREN expr RPAREN
    (37) expr -> . expr PLUS expr
    (38) expr -> . expr MINUS expr
    (39) expr -> . expr TIMES expr
    (40) expr -> . expr DIVIDE expr
    (41) expr -> . LNOT expr
    (42) expr -> . expr LOR expr
    (43) expr -> . expr LAND expr
    (44) expr -> . expr LT expr
    (45) expr -> . expr LE expr
    (46) expr -> . expr GE expr
    (47) expr -> . expr GT expr
    (48) expr -> . expr EQ expr
    (49) expr -> . expr NE expr

    ID              shift and go to state 50
    INT_CONST       shift and go to state 25
    STRING_CONST    shift and go to state 26
    LPAREN          shift and go to state 27
    LNOT            shift and go to state 28

    expr                           shift and go to state 51

state 29

    (14) class_def -> CLASS ID COLON . ID class_body

    ID              shift and go to state 52


state 30

    (6) func_header -> var_type ID LPAREN . param_list RPAREN
    (8) param_list -> . VOID
    (9) param_list -> . func_param
    (11) func_param -> . func_param_def next_param
    (10) func_param_def -> . var_type ID
    (21) var_type -> . INT
    (22) var_type -> . STRING
    (23) var_type -> . VOID
    (24) var_type -> . ID

    VOID            shift and go to state 55
    INT             shift and go to state 9
    STRING          shift and go to state 10
    ID              shift and go to state 7

    var_type                       shift and go to state 53
    param_list                     shift and go to state 54
    func_param                     shift and go to state 56
    func_param_def                 shift and go to state 57

state 31

    (7) func_body -> LBRACE statement RBRACE .

    CLASS           reduce using rule 7 (func_body -> LBRACE statement RBRACE .)
    INT             reduce using rule 7 (func_body -> LBRACE statement RBRACE .)
    STRING          reduce using rule 7 (func_body -> LBRACE statement RBRACE .)
    VOID            reduce using rule 7 (func_body -> LBRACE statement RBRACE .)
    ID              reduce using rule 7 (func_body -> LBRACE statement RBRACE .)
    $end            reduce using rule 7 (func_body -> LBRACE statement RBRACE .)
    RBRACE          reduce using rule 7 (func_body -> LBRACE statement RBRACE .)


state 32

    (25) statement -> var_def statement .

    RBRACE          reduce using rule 25 (statement -> var_def statement .)


state 33

    (26) statement -> var_assignment statement .

    RBRACE          reduce using rule 26 (statement -> var_assignment statement .)


state 34

    (27) statement -> expr SEMI .

    RBRACE          reduce using rule 27 (statement -> expr SEMI .)


state 35

    (37) expr -> expr PLUS . expr
    (33) expr -> . ID
    (34) expr -> . INT_CONST
    (35) expr -> . STRING_CONST
    (36) expr -> . LPAREN expr RPAREN
    (37) expr -> . expr PLUS expr
    (38) expr -> . expr MINUS expr
    (39) expr -> . expr TIMES expr
    (40) expr -> . expr DIVIDE expr
    (41) expr -> . LNOT expr
    (42) expr -> . expr LOR expr
    (43) expr -> . expr LAND expr
    (44) expr -> . expr LT expr
    (45) expr -> . expr LE expr
    (46) expr -> . expr GE expr
    (47) expr -> . expr GT expr
    (48) expr -> . expr EQ expr
    (49) expr -> . expr NE expr

    ID              shift and go to state 50
    INT_CONST       shift and go to state 25
    STRING_CONST    shift and go to state 26
    LPAREN          shift and go to state 27
    LNOT            shift and go to state 28

    expr                           shift and go to state 58

state 36

    (38) expr -> expr MINUS . expr
    (33) expr -> . ID
    (34) expr -> . INT_CONST
    (35) expr -> . STRING_CONST
    (36) expr -> . LPAREN expr RPAREN
    (37) expr -> . expr PLUS expr
    (38) expr -> . expr MINUS expr
    (39) expr -> . expr TIMES expr
    (40) expr -> . expr DIVIDE expr
    (41) expr -> . LNOT expr
    (42) expr -> . expr LOR expr
    (43) expr -> . expr LAND expr
    (44) expr -> . expr LT expr
    (45) expr -> . expr LE expr
    (46) expr -> . expr GE expr
    (47) expr -> . expr GT expr
    (48) expr -> . expr EQ expr
    (49) expr -> . expr NE expr

    ID              shift and go to state 50
    INT_CONST       shift and go to state 25
    STRING_CONST    shift and go to state 26
    LPAREN          shift and go to state 27
    LNOT            shift and go to state 28

    expr                           shift and go to state 59

state 37

    (39) expr -> expr TIMES . expr
    (33) expr -> . ID
    (34) expr -> . INT_CONST
    (35) expr -> . STRING_CONST
    (36) expr -> . LPAREN expr RPAREN
    (37) expr -> . expr PLUS expr
    (38) expr -> . expr MINUS expr
    (39) expr -> . expr TIMES expr
    (40) expr -> . expr DIVIDE expr
    (41) expr -> . LNOT expr
    (42) expr -> . expr LOR expr
    (43) expr -> . expr LAND expr
    (44) expr -> . expr LT expr
    (45) expr -> . expr LE expr
    (46) expr -> . expr GE expr
    (47) expr -> . expr GT expr
    (48) expr -> . expr EQ expr
    (49) expr -> . expr NE expr

    ID              shift and go to state 50
    INT_CONST       shift and go to state 25
    STRING_CONST    shift and go to state 26
    LPAREN          shift and go to state 27
    LNOT            shift and go to state 28

    expr                           shift and go to state 60

state 38

    (40) expr -> expr DIVIDE . expr
    (33) expr -> . ID
    (34) expr -> . INT_CONST
    (35) expr -> . STRING_CONST
    (36) expr -> . LPAREN expr RPAREN
    (37) expr -> . expr PLUS expr
    (38) expr -> . expr MINUS expr
    (39) expr -> . expr TIMES expr
    (40) expr -> . expr DIVIDE expr
    (41) expr -> . LNOT expr
    (42) expr -> . expr LOR expr
    (43) expr -> . expr LAND expr
    (44) expr -> . expr LT expr
    (45) expr -> . expr LE expr
    (46) expr -> . expr GE expr
    (47) expr -> . expr GT expr
    (48) expr -> . expr EQ expr
    (49) expr -> . expr NE expr

    ID              shift and go to state 50
    INT_CONST       shift and go to state 25
    STRING_CONST    shift and go to state 26
    LPAREN          shift and go to state 27
    LNOT            shift and go to state 28

    expr                           shift and go to state 61

state 39

    (42) expr -> expr LOR . expr
    (33) expr -> . ID
    (34) expr -> . INT_CONST
    (35) expr -> . STRING_CONST
    (36) expr -> . LPAREN expr RPAREN
    (37) expr -> . expr PLUS expr
    (38) expr -> . expr MINUS expr
    (39) expr -> . expr TIMES expr
    (40) expr -> . expr DIVIDE expr
    (41) expr -> . LNOT expr
    (42) expr -> . expr LOR expr
    (43) expr -> . expr LAND expr
    (44) expr -> . expr LT expr
    (45) expr -> . expr LE expr
    (46) expr -> . expr GE expr
    (47) expr -> . expr GT expr
    (48) expr -> . expr EQ expr
    (49) expr -> . expr NE expr

    ID              shift and go to state 50
    INT_CONST       shift and go to state 25
    STRING_CONST    shift and go to state 26
    LPAREN          shift and go to state 27
    LNOT            shift and go to state 28

    expr                           shift and go to state 62

state 40

    (43) expr -> expr LAND . expr
    (33) expr -> . ID
    (34) expr -> . INT_CONST
    (35) expr -> . STRING_CONST
    (36) expr -> . LPAREN expr RPAREN
    (37) expr -> . expr PLUS expr
    (38) expr -> . expr MINUS expr
    (39) expr -> . expr TIMES expr
    (40) expr -> . expr DIVIDE expr
    (41) expr -> . LNOT expr
    (42) expr -> . expr LOR expr
    (43) expr -> . expr LAND expr
    (44) expr -> . expr LT expr
    (45) expr -> . expr LE expr
    (46) expr -> . expr GE expr
    (47) expr -> . expr GT expr
    (48) expr -> . expr EQ expr
    (49) expr -> . expr NE expr

    ID              shift and go to state 50
    INT_CONST       shift and go to state 25
    STRING_CONST    shift and go to state 26
    LPAREN          shift and go to state 27
    LNOT            shift and go to state 28

    expr                           shift and go to state 63

state 41

    (44) expr -> expr LT . expr
    (33) expr -> . ID
    (34) expr -> . INT_CONST
    (35) expr -> . STRING_CONST
    (36) expr -> . LPAREN expr RPAREN
    (37) expr -> . expr PLUS expr
    (38) expr -> . expr MINUS expr
    (39) expr -> . expr TIMES expr
    (40) expr -> . expr DIVIDE expr
    (41) expr -> . LNOT expr
    (42) expr -> . expr LOR expr
    (43) expr -> . expr LAND expr
    (44) expr -> . expr LT expr
    (45) expr -> . expr LE expr
    (46) expr -> . expr GE expr
    (47) expr -> . expr GT expr
    (48) expr -> . expr EQ expr
    (49) expr -> . expr NE expr

    ID              shift and go to state 50
    INT_CONST       shift and go to state 25
    STRING_CONST    shift and go to state 26
    LPAREN          shift and go to state 27
    LNOT            shift and go to state 28

    expr                           shift and go to state 64

state 42

    (45) expr -> expr LE . expr
    (33) expr -> . ID
    (34) expr -> . INT_CONST
    (35) expr -> . STRING_CONST
    (36) expr -> . LPAREN expr RPAREN
    (37) expr -> . expr PLUS expr
    (38) expr -> . expr MINUS expr
    (39) expr -> . expr TIMES expr
    (40) expr -> . expr DIVIDE expr
    (41) expr -> . LNOT expr
    (42) expr -> . expr LOR expr
    (43) expr -> . expr LAND expr
    (44) expr -> . expr LT expr
    (45) expr -> . expr LE expr
    (46) expr -> . expr GE expr
    (47) expr -> . expr GT expr
    (48) expr -> . expr EQ expr
    (49) expr -> . expr NE expr

    ID              shift and go to state 50
    INT_CONST       shift and go to state 25
    STRING_CONST    shift and go to state 26
    LPAREN          shift and go to state 27
    LNOT            shift and go to state 28

    expr                           shift and go to state 65

state 43

    (46) expr -> expr GE . expr
    (33) expr -> . ID
    (34) expr -> . INT_CONST
    (35) expr -> . STRING_CONST
    (36) expr -> . LPAREN expr RPAREN
    (37) expr -> . expr PLUS expr
    (38) expr -> . expr MINUS expr
    (39) expr -> . expr TIMES expr
    (40) expr -> . expr DIVIDE expr
    (41) expr -> . LNOT expr
    (42) expr -> . expr LOR expr
    (43) expr -> . expr LAND expr
    (44) expr -> . expr LT expr
    (45) expr -> . expr LE expr
    (46) expr -> . expr GE expr
    (47) expr -> . expr GT expr
    (48) expr -> . expr EQ expr
    (49) expr -> . expr NE expr

    ID              shift and go to state 50
    INT_CONST       shift and go to state 25
    STRING_CONST    shift and go to state 26
    LPAREN          shift and go to state 27
    LNOT            shift and go to state 28

    expr                           shift and go to state 66

state 44

    (47) expr -> expr GT . expr
    (33) expr -> . ID
    (34) expr -> . INT_CONST
    (35) expr -> . STRING_CONST
    (36) expr -> . LPAREN expr RPAREN
    (37) expr -> . expr PLUS expr
    (38) expr -> . expr MINUS expr
    (39) expr -> . expr TIMES expr
    (40) expr -> . expr DIVIDE expr
    (41) expr -> . LNOT expr
    (42) expr -> . expr LOR expr
    (43) expr -> . expr LAND expr
    (44) expr -> . expr LT expr
    (45) expr -> . expr LE expr
    (46) expr -> . expr GE expr
    (47) expr -> . expr GT expr
    (48) expr -> . expr EQ expr
    (49) expr -> . expr NE expr

    ID              shift and go to state 50
    INT_CONST       shift and go to state 25
    STRING_CONST    shift and go to state 26
    LPAREN          shift and go to state 27
    LNOT            shift and go to state 28

    expr                           shift and go to state 67

state 45

    (48) expr -> expr EQ . expr
    (33) expr -> . ID
    (34) expr -> . INT_CONST
    (35) expr -> . STRING_CONST
    (36) expr -> . LPAREN expr RPAREN
    (37) expr -> . expr PLUS expr
    (38) expr -> . expr MINUS expr
    (39) expr -> . expr TIMES expr
    (40) expr -> . expr DIVIDE expr
    (41) expr -> . LNOT expr
    (42) expr -> . expr LOR expr
    (43) expr -> . expr LAND expr
    (44) expr -> . expr LT expr
    (45) expr -> . expr LE expr
    (46) expr -> . expr GE expr
    (47) expr -> . expr GT expr
    (48) expr -> . expr EQ expr
    (49) expr -> . expr NE expr

    ID              shift and go to state 50
    INT_CONST       shift and go to state 25
    STRING_CONST    shift and go to state 26
    LPAREN          shift and go to state 27
    LNOT            shift and go to state 28

    expr                           shift and go to state 68

state 46

    (49) expr -> expr NE . expr
    (33) expr -> . ID
    (34) expr -> . INT_CONST
    (35) expr -> . STRING_CONST
    (36) expr -> . LPAREN expr RPAREN
    (37) expr -> . expr PLUS expr
    (38) expr -> . expr MINUS expr
    (39) expr -> . expr TIMES expr
    (40) expr -> . expr DIVIDE expr
    (41) expr -> . LNOT expr
    (42) expr -> . expr LOR expr
    (43) expr -> . expr LAND expr
    (44) expr -> . expr LT expr
    (45) expr -> . expr LE expr
    (46) expr -> . expr GE expr
    (47) expr -> . expr GT expr
    (48) expr -> . expr EQ expr
    (49) expr -> . expr NE expr

    ID              shift and go to state 50
    INT_CONST       shift and go to state 25
    STRING_CONST    shift and go to state 26
    LPAREN          shift and go to state 27
    LNOT            shift and go to state 28

    expr                           shift and go to state 69

state 47

    (30) var_def -> var_type ID . multiple_var_def
    (31) multiple_var_def -> . SEMI
    (32) multiple_var_def -> . COMMA ID multiple_var_def

    SEMI            shift and go to state 71
    COMMA           shift and go to state 72

    multiple_var_def               shift and go to state 70

state 48

    (29) var_assignment -> ID EQUALS . expr SEMI
    (33) expr -> . ID
    (34) expr -> . INT_CONST
    (35) expr -> . STRING_CONST
    (36) expr -> . LPAREN expr RPAREN
    (37) expr -> . expr PLUS expr
    (38) expr -> . expr MINUS expr
    (39) expr -> . expr TIMES expr
    (40) expr -> . expr DIVIDE expr
    (41) expr -> . LNOT expr
    (42) expr -> . expr LOR expr
    (43) expr -> . expr LAND expr
    (44) expr -> . expr LT expr
    (45) expr -> . expr LE expr
    (46) expr -> . expr GE expr
    (47) expr -> . expr GT expr
    (48) expr -> . expr EQ expr
    (49) expr -> . expr NE expr

    ID              shift and go to state 50
    INT_CONST       shift and go to state 25
    STRING_CONST    shift and go to state 26
    LPAREN          shift and go to state 27
    LNOT            shift and go to state 28

    expr                           shift and go to state 73

state 49

    (36) expr -> LPAREN expr . RPAREN
    (37) expr -> expr . PLUS expr
    (38) expr -> expr . MINUS expr
    (39) expr -> expr . TIMES expr
    (40) expr -> expr . DIVIDE expr
    (42) expr -> expr . LOR expr
    (43) expr -> expr . LAND expr
    (44) expr -> expr . LT expr
    (45) expr -> expr . LE expr
    (46) expr -> expr . GE expr
    (47) expr -> expr . GT expr
    (48) expr -> expr . EQ expr
    (49) expr -> expr . NE expr

    RPAREN          shift and go to state 74
    PLUS            shift and go to state 35
    MINUS           shift and go to state 36
    TIMES           shift and go to state 37
    DIVIDE          shift and go to state 38
    LOR             shift and go to state 39
    LAND            shift and go to state 40
    LT              shift and go to state 41
    LE              shift and go to state 42
    GE              shift and go to state 43
    GT              shift and go to state 44
    EQ              shift and go to state 45
    NE              shift and go to state 46


state 50

    (33) expr -> ID .

    RPAREN          reduce using rule 33 (expr -> ID .)
    PLUS            reduce using rule 33 (expr -> ID .)
    MINUS           reduce using rule 33 (expr -> ID .)
    TIMES           reduce using rule 33 (expr -> ID .)
    DIVIDE          reduce using rule 33 (expr -> ID .)
    LOR             reduce using rule 33 (expr -> ID .)
    LAND            reduce using rule 33 (expr -> ID .)
    LT              reduce using rule 33 (expr -> ID .)
    LE              reduce using rule 33 (expr -> ID .)
    GE              reduce using rule 33 (expr -> ID .)
    GT              reduce using rule 33 (expr -> ID .)
    EQ              reduce using rule 33 (expr -> ID .)
    NE              reduce using rule 33 (expr -> ID .)
    SEMI            reduce using rule 33 (expr -> ID .)


state 51

    (41) expr -> LNOT expr .
    (37) expr -> expr . PLUS expr
    (38) expr -> expr . MINUS expr
    (39) expr -> expr . TIMES expr
    (40) expr -> expr . DIVIDE expr
    (42) expr -> expr . LOR expr
    (43) expr -> expr . LAND expr
    (44) expr -> expr . LT expr
    (45) expr -> expr . LE expr
    (46) expr -> expr . GE expr
    (47) expr -> expr . GT expr
    (48) expr -> expr . EQ expr
    (49) expr -> expr . NE expr

    SEMI            reduce using rule 41 (expr -> LNOT expr .)
    PLUS            reduce using rule 41 (expr -> LNOT expr .)
    MINUS           reduce using rule 41 (expr -> LNOT expr .)
    TIMES           reduce using rule 41 (expr -> LNOT expr .)
    DIVIDE          reduce using rule 41 (expr -> LNOT expr .)
    LOR             reduce using rule 41 (expr -> LNOT expr .)
    LAND            reduce using rule 41 (expr -> LNOT expr .)
    LT              reduce using rule 41 (expr -> LNOT expr .)
    LE              reduce using rule 41 (expr -> LNOT expr .)
    GE              reduce using rule 41 (expr -> LNOT expr .)
    GT              reduce using rule 41 (expr -> LNOT expr .)
    EQ              reduce using rule 41 (expr -> LNOT expr .)
    NE              reduce using rule 41 (expr -> LNOT expr .)
    RPAREN          reduce using rule 41 (expr -> LNOT expr .)

  ! PLUS            [ shift and go to state 35 ]
  ! MINUS           [ shift and go to state 36 ]
  ! TIMES           [ shift and go to state 37 ]
  ! DIVIDE          [ shift and go to state 38 ]
  ! LOR             [ shift and go to state 39 ]
  ! LAND            [ shift and go to state 40 ]
  ! LT              [ shift and go to state 41 ]
  ! LE              [ shift and go to state 42 ]
  ! GE              [ shift and go to state 43 ]
  ! GT              [ shift and go to state 44 ]
  ! EQ              [ shift and go to state 45 ]
  ! NE              [ shift and go to state 46 ]


state 52

    (14) class_def -> CLASS ID COLON ID . class_body
    (15) class_body -> . LBRACE class_members RBRACE

    LBRACE          shift and go to state 76

    class_body                     shift and go to state 75

state 53

    (10) func_param_def -> var_type . ID

    ID              shift and go to state 77


state 54

    (6) func_header -> var_type ID LPAREN param_list . RPAREN

    RPAREN          shift and go to state 78


state 55

    (8) param_list -> VOID .
    (23) var_type -> VOID .

    RPAREN          reduce using rule 8 (param_list -> VOID .)
    ID              reduce using rule 23 (var_type -> VOID .)


state 56

    (9) param_list -> func_param .

    RPAREN          reduce using rule 9 (param_list -> func_param .)


state 57

    (11) func_param -> func_param_def . next_param
    (12) next_param -> . COMMA func_param_def
    (13) next_param -> . empty
    (4) empty -> .

    COMMA           shift and go to state 80
    RPAREN          reduce using rule 4 (empty -> .)

    next_param                     shift and go to state 79
    empty                          shift and go to state 81

state 58

    (37) expr -> expr PLUS expr .
    (37) expr -> expr . PLUS expr
    (38) expr -> expr . MINUS expr
    (39) expr -> expr . TIMES expr
    (40) expr -> expr . DIVIDE expr
    (42) expr -> expr . LOR expr
    (43) expr -> expr . LAND expr
    (44) expr -> expr . LT expr
    (45) expr -> expr . LE expr
    (46) expr -> expr . GE expr
    (47) expr -> expr . GT expr
    (48) expr -> expr . EQ expr
    (49) expr -> expr . NE expr

    SEMI            reduce using rule 37 (expr -> expr PLUS expr .)
    PLUS            reduce using rule 37 (expr -> expr PLUS expr .)
    MINUS           reduce using rule 37 (expr -> expr PLUS expr .)
    LOR             reduce using rule 37 (expr -> expr PLUS expr .)
    LAND            reduce using rule 37 (expr -> expr PLUS expr .)
    LT              reduce using rule 37 (expr -> expr PLUS expr .)
    LE              reduce using rule 37 (expr -> expr PLUS expr .)
    GE              reduce using rule 37 (expr -> expr PLUS expr .)
    GT              reduce using rule 37 (expr -> expr PLUS expr .)
    EQ              reduce using rule 37 (expr -> expr PLUS expr .)
    NE              reduce using rule 37 (expr -> expr PLUS expr .)
    RPAREN          reduce using rule 37 (expr -> expr PLUS expr .)
    TIMES           shift and go to state 37
    DIVIDE          shift and go to state 38

  ! TIMES           [ reduce using rule 37 (expr -> expr PLUS expr .) ]
  ! DIVIDE          [ reduce using rule 37 (expr -> expr PLUS expr .) ]
  ! PLUS            [ shift and go to state 35 ]
  ! MINUS           [ shift and go to state 36 ]
  ! LOR             [ shift and go to state 39 ]
  ! LAND            [ shift and go to state 40 ]
  ! LT              [ shift and go to state 41 ]
  ! LE              [ shift and go to state 42 ]
  ! GE              [ shift and go to state 43 ]
  ! GT              [ shift and go to state 44 ]
  ! EQ              [ shift and go to state 45 ]
  ! NE              [ shift and go to state 46 ]


state 59

    (38) expr -> expr MINUS expr .
    (37) expr -> expr . PLUS expr
    (38) expr -> expr . MINUS expr
    (39) expr -> expr . TIMES expr
    (40) expr -> expr . DIVIDE expr
    (42) expr -> expr . LOR expr
    (43) expr -> expr . LAND expr
    (44) expr -> expr . LT expr
    (45) expr -> expr . LE expr
    (46) expr -> expr . GE expr
    (47) expr -> expr . GT expr
    (48) expr -> expr . EQ expr
    (49) expr -> expr . NE expr

    SEMI            reduce using rule 38 (expr -> expr MINUS expr .)
    PLUS            reduce using rule 38 (expr -> expr MINUS expr .)
    MINUS           reduce using rule 38 (expr -> expr MINUS expr .)
    LOR             reduce using rule 38 (expr -> expr MINUS expr .)
    LAND            reduce using rule 38 (expr -> expr MINUS expr .)
    LT              reduce using rule 38 (expr -> expr MINUS expr .)
    LE              reduce using rule 38 (expr -> expr MINUS expr .)
    GE              reduce using rule 38 (expr -> expr MINUS expr .)
    GT              reduce using rule 38 (expr -> expr MINUS expr .)
    EQ              reduce using rule 38 (expr -> expr MINUS expr .)
    NE              reduce using rule 38 (expr -> expr MINUS expr .)
    RPAREN          reduce using rule 38 (expr -> expr MINUS expr .)
    TIMES           shift and go to state 37
    DIVIDE          shift and go to state 38

  ! TIMES           [ reduce using rule 38 (expr -> expr MINUS expr .) ]
  ! DIVIDE          [ reduce using rule 38 (expr -> expr MINUS expr .) ]
  ! PLUS            [ shift and go to state 35 ]
  ! MINUS           [ shift and go to state 36 ]
  ! LOR             [ shift and go to state 39 ]
  ! LAND            [ shift and go to state 40 ]
  ! LT              [ shift and go to state 41 ]
  ! LE              [ shift and go to state 42 ]
  ! GE              [ shift and go to state 43 ]
  ! GT              [ shift and go to state 44 ]
  ! EQ              [ shift and go to state 45 ]
  ! NE              [ shift and go to state 46 ]


state 60

    (39) expr -> expr TIMES expr .
    (37) expr -> expr . PLUS expr
    (38) expr -> expr . MINUS expr
    (39) expr -> expr . TIMES expr
    (40) expr -> expr . DIVIDE expr
    (42) expr -> expr . LOR expr
    (43) expr -> expr . LAND expr
    (44) expr -> expr . LT expr
    (45) expr -> expr . LE expr
    (46) expr -> expr . GE expr
    (47) expr -> expr . GT expr
    (48) expr -> expr . EQ expr
    (49) expr -> expr . NE expr

    SEMI            reduce using rule 39 (expr -> expr TIMES expr .)
    PLUS            reduce using rule 39 (expr -> expr TIMES expr .)
    MINUS           reduce using rule 39 (expr -> expr TIMES expr .)
    TIMES           reduce using rule 39 (expr -> expr TIMES expr .)
    DIVIDE          reduce using rule 39 (expr -> expr TIMES expr .)
    LOR             reduce using rule 39 (expr -> expr TIMES expr .)
    LAND            reduce using rule 39 (expr -> expr TIMES expr .)
    LT              reduce using rule 39 (expr -> expr TIMES expr .)
    LE              reduce using rule 39 (expr -> expr TIMES expr .)
    GE              reduce using rule 39 (expr -> expr TIMES expr .)
    GT              reduce using rule 39 (expr -> expr TIMES expr .)
    EQ              reduce using rule 39 (expr -> expr TIMES expr .)
    NE              reduce using rule 39 (expr -> expr TIMES expr .)
    RPAREN          reduce using rule 39 (expr -> expr TIMES expr .)

  ! PLUS            [ shift and go to state 35 ]
  ! MINUS           [ shift and go to state 36 ]
  ! TIMES           [ shift and go to state 37 ]
  ! DIVIDE          [ shift and go to state 38 ]
  ! LOR             [ shift and go to state 39 ]
  ! LAND            [ shift and go to state 40 ]
  ! LT              [ shift and go to state 41 ]
  ! LE              [ shift and go to state 42 ]
  ! GE              [ shift and go to state 43 ]
  ! GT              [ shift and go to state 44 ]
  ! EQ              [ shift and go to state 45 ]
  ! NE              [ shift and go to state 46 ]


state 61

    (40) expr -> expr DIVIDE expr .
    (37) expr -> expr . PLUS expr
    (38) expr -> expr . MINUS expr
    (39) expr -> expr . TIMES expr
    (40) expr -> expr . DIVIDE expr
    (42) expr -> expr . LOR expr
    (43) expr -> expr . LAND expr
    (44) expr -> expr . LT expr
    (45) expr -> expr . LE expr
    (46) expr -> expr . GE expr
    (47) expr -> expr . GT expr
    (48) expr -> expr . EQ expr
    (49) expr -> expr . NE expr

    SEMI            reduce using rule 40 (expr -> expr DIVIDE expr .)
    PLUS            reduce using rule 40 (expr -> expr DIVIDE expr .)
    MINUS           reduce using rule 40 (expr -> expr DIVIDE expr .)
    TIMES           reduce using rule 40 (expr -> expr DIVIDE expr .)
    DIVIDE          reduce using rule 40 (expr -> expr DIVIDE expr .)
    LOR             reduce using rule 40 (expr -> expr DIVIDE expr .)
    LAND            reduce using rule 40 (expr -> expr DIVIDE expr .)
    LT              reduce using rule 40 (expr -> expr DIVIDE expr .)
    LE              reduce using rule 40 (expr -> expr DIVIDE expr .)
    GE              reduce using rule 40 (expr -> expr DIVIDE expr .)
    GT              reduce using rule 40 (expr -> expr DIVIDE expr .)
    EQ              reduce using rule 40 (expr -> expr DIVIDE expr .)
    NE              reduce using rule 40 (expr -> expr DIVIDE expr .)
    RPAREN          reduce using rule 40 (expr -> expr DIVIDE expr .)

  ! PLUS            [ shift and go to state 35 ]
  ! MINUS           [ shift and go to state 36 ]
  ! TIMES           [ shift and go to state 37 ]
  ! DIVIDE          [ shift and go to state 38 ]
  ! LOR             [ shift and go to state 39 ]
  ! LAND            [ shift and go to state 40 ]
  ! LT              [ shift and go to state 41 ]
  ! LE              [ shift and go to state 42 ]
  ! GE              [ shift and go to state 43 ]
  ! GT              [ shift and go to state 44 ]
  ! EQ              [ shift and go to state 45 ]
  ! NE              [ shift and go to state 46 ]


state 62

    (42) expr -> expr LOR expr .
    (37) expr -> expr . PLUS expr
    (38) expr -> expr . MINUS expr
    (39) expr -> expr . TIMES expr
    (40) expr -> expr . DIVIDE expr
    (42) expr -> expr . LOR expr
    (43) expr -> expr . LAND expr
    (44) expr -> expr . LT expr
    (45) expr -> expr . LE expr
    (46) expr -> expr . GE expr
    (47) expr -> expr . GT expr
    (48) expr -> expr . EQ expr
    (49) expr -> expr . NE expr

    SEMI            reduce using rule 42 (expr -> expr LOR expr .)
    LOR             reduce using rule 42 (expr -> expr LOR expr .)
    RPAREN          reduce using rule 42 (expr -> expr LOR expr .)
    PLUS            shift and go to state 35
    MINUS           shift and go to state 36
    TIMES           shift and go to state 37
    DIVIDE          shift and go to state 38
    LAND            shift and go to state 40
    LT              shift and go to state 41
    LE              shift and go to state 42
    GE              shift and go to state 43
    GT              shift and go to state 44
    EQ              shift and go to state 45
    NE              shift and go to state 46

  ! PLUS            [ reduce using rule 42 (expr -> expr LOR expr .) ]
  ! MINUS           [ reduce using rule 42 (expr -> expr LOR expr .) ]
  ! TIMES           [ reduce using rule 42 (expr -> expr LOR expr .) ]
  ! DIVIDE          [ reduce using rule 42 (expr -> expr LOR expr .) ]
  ! LAND            [ reduce using rule 42 (expr -> expr LOR expr .) ]
  ! LT              [ reduce using rule 42 (expr -> expr LOR expr .) ]
  ! LE              [ reduce using rule 42 (expr -> expr LOR expr .) ]
  ! GE              [ reduce using rule 42 (expr -> expr LOR expr .) ]
  ! GT              [ reduce using rule 42 (expr -> expr LOR expr .) ]
  ! EQ              [ reduce using rule 42 (expr -> expr LOR expr .) ]
  ! NE              [ reduce using rule 42 (expr -> expr LOR expr .) ]
  ! LOR             [ shift and go to state 39 ]


state 63

    (43) expr -> expr LAND expr .
    (37) expr -> expr . PLUS expr
    (38) expr -> expr . MINUS expr
    (39) expr -> expr . TIMES expr
    (40) expr -> expr . DIVIDE expr
    (42) expr -> expr . LOR expr
    (43) expr -> expr . LAND expr
    (44) expr -> expr . LT expr
    (45) expr -> expr . LE expr
    (46) expr -> expr . GE expr
    (47) expr -> expr . GT expr
    (48) expr -> expr . EQ expr
    (49) expr -> expr . NE expr

    SEMI            reduce using rule 43 (expr -> expr LAND expr .)
    LOR             reduce using rule 43 (expr -> expr LAND expr .)
    LAND            reduce using rule 43 (expr -> expr LAND expr .)
    RPAREN          reduce using rule 43 (expr -> expr LAND expr .)
    PLUS            shift and go to state 35
    MINUS           shift and go to state 36
    TIMES           shift and go to state 37
    DIVIDE          shift and go to state 38
    LT              shift and go to state 41
    LE              shift and go to state 42
    GE              shift and go to state 43
    GT              shift and go to state 44
    EQ              shift and go to state 45
    NE              shift and go to state 46

  ! PLUS            [ reduce using rule 43 (expr -> expr LAND expr .) ]
  ! MINUS           [ reduce using rule 43 (expr -> expr LAND expr .) ]
  ! TIMES           [ reduce using rule 43 (expr -> expr LAND expr .) ]
  ! DIVIDE          [ reduce using rule 43 (expr -> expr LAND expr .) ]
  ! LT              [ reduce using rule 43 (expr -> expr LAND expr .) ]
  ! LE              [ reduce using rule 43 (expr -> expr LAND expr .) ]
  ! GE              [ reduce using rule 43 (expr -> expr LAND expr .) ]
  ! GT              [ reduce using rule 43 (expr -> expr LAND expr .) ]
  ! EQ              [ reduce using rule 43 (expr -> expr LAND expr .) ]
  ! NE              [ reduce using rule 43 (expr -> expr LAND expr .) ]
  ! LOR             [ shift and go to state 39 ]
  ! LAND            [ shift and go to state 40 ]


state 64

    (44) expr -> expr LT expr .
    (37) expr -> expr . PLUS expr
    (38) expr -> expr . MINUS expr
    (39) expr -> expr . TIMES expr
    (40) expr -> expr . DIVIDE expr
    (42) expr -> expr . LOR expr
    (43) expr -> expr . LAND expr
    (44) expr -> expr . LT expr
    (45) expr -> expr . LE expr
    (46) expr -> expr . GE expr
    (47) expr -> expr . GT expr
    (48) expr -> expr . EQ expr
    (49) expr -> expr . NE expr

    SEMI            reduce using rule 44 (expr -> expr LT expr .)
    LOR             reduce using rule 44 (expr -> expr LT expr .)
    LAND            reduce using rule 44 (expr -> expr LT expr .)
    LT              reduce using rule 44 (expr -> expr LT expr .)
    LE              reduce using rule 44 (expr -> expr LT expr .)
    GE              reduce using rule 44 (expr -> expr LT expr .)
    GT              reduce using rule 44 (expr -> expr LT expr .)
    EQ              reduce using rule 44 (expr -> expr LT expr .)
    NE              reduce using rule 44 (expr -> expr LT expr .)
    RPAREN          reduce using rule 44 (expr -> expr LT expr .)
    PLUS            shift and go to state 35
    MINUS           shift and go to state 36
    TIMES           shift and go to state 37
    DIVIDE          shift and go to state 38

  ! PLUS            [ reduce using rule 44 (expr -> expr LT expr .) ]
  ! MINUS           [ reduce using rule 44 (expr -> expr LT expr .) ]
  ! TIMES           [ reduce using rule 44 (expr -> expr LT expr .) ]
  ! DIVIDE          [ reduce using rule 44 (expr -> expr LT expr .) ]
  ! LOR             [ shift and go to state 39 ]
  ! LAND            [ shift and go to state 40 ]
  ! LT              [ shift and go to state 41 ]
  ! LE              [ shift and go to state 42 ]
  ! GE              [ shift and go to state 43 ]
  ! GT              [ shift and go to state 44 ]
  ! EQ              [ shift and go to state 45 ]
  ! NE              [ shift and go to state 46 ]


state 65

    (45) expr -> expr LE expr .
    (37) expr -> expr . PLUS expr
    (38) expr -> expr . MINUS expr
    (39) expr -> expr . TIMES expr
    (40) expr -> expr . DIVIDE expr
    (42) expr -> expr . LOR expr
    (43) expr -> expr . LAND expr
    (44) expr -> expr . LT expr
    (45) expr -> expr . LE expr
    (46) expr -> expr . GE expr
    (47) expr -> expr . GT expr
    (48) expr -> expr . EQ expr
    (49) expr -> expr . NE expr

    SEMI            reduce using rule 45 (expr -> expr LE expr .)
    LOR             reduce using rule 45 (expr -> expr LE expr .)
    LAND            reduce using rule 45 (expr -> expr LE expr .)
    LT              reduce using rule 45 (expr -> expr LE expr .)
    LE              reduce using rule 45 (expr -> expr LE expr .)
    GE              reduce using rule 45 (expr -> expr LE expr .)
    GT              reduce using rule 45 (expr -> expr LE expr .)
    EQ              reduce using rule 45 (expr -> expr LE expr .)
    NE              reduce using rule 45 (expr -> expr LE expr .)
    RPAREN          reduce using rule 45 (expr -> expr LE expr .)
    PLUS            shift and go to state 35
    MINUS           shift and go to state 36
    TIMES           shift and go to state 37
    DIVIDE          shift and go to state 38

  ! PLUS            [ reduce using rule 45 (expr -> expr LE expr .) ]
  ! MINUS           [ reduce using rule 45 (expr -> expr LE expr .) ]
  ! TIMES           [ reduce using rule 45 (expr -> expr LE expr .) ]
  ! DIVIDE          [ reduce using rule 45 (expr -> expr LE expr .) ]
  ! LOR             [ shift and go to state 39 ]
  ! LAND            [ shift and go to state 40 ]
  ! LT              [ shift and go to state 41 ]
  ! LE              [ shift and go to state 42 ]
  ! GE              [ shift and go to state 43 ]
  ! GT              [ shift and go to state 44 ]
  ! EQ              [ shift and go to state 45 ]
  ! NE              [ shift and go to state 46 ]


state 66

    (46) expr -> expr GE expr .
    (37) expr -> expr . PLUS expr
    (38) expr -> expr . MINUS expr
    (39) expr -> expr . TIMES expr
    (40) expr -> expr . DIVIDE expr
    (42) expr -> expr . LOR expr
    (43) expr -> expr . LAND expr
    (44) expr -> expr . LT expr
    (45) expr -> expr . LE expr
    (46) expr -> expr . GE expr
    (47) expr -> expr . GT expr
    (48) expr -> expr . EQ expr
    (49) expr -> expr . NE expr

    SEMI            reduce using rule 46 (expr -> expr GE expr .)
    LOR             reduce using rule 46 (expr -> expr GE expr .)
    LAND            reduce using rule 46 (expr -> expr GE expr .)
    LT              reduce using rule 46 (expr -> expr GE expr .)
    LE              reduce using rule 46 (expr -> expr GE expr .)
    GE              reduce using rule 46 (expr -> expr GE expr .)
    GT              reduce using rule 46 (expr -> expr GE expr .)
    EQ              reduce using rule 46 (expr -> expr GE expr .)
    NE              reduce using rule 46 (expr -> expr GE expr .)
    RPAREN          reduce using rule 46 (expr -> expr GE expr .)
    PLUS            shift and go to state 35
    MINUS           shift and go to state 36
    TIMES           shift and go to state 37
    DIVIDE          shift and go to state 38

  ! PLUS            [ reduce using rule 46 (expr -> expr GE expr .) ]
  ! MINUS           [ reduce using rule 46 (expr -> expr GE expr .) ]
  ! TIMES           [ reduce using rule 46 (expr -> expr GE expr .) ]
  ! DIVIDE          [ reduce using rule 46 (expr -> expr GE expr .) ]
  ! LOR             [ shift and go to state 39 ]
  ! LAND            [ shift and go to state 40 ]
  ! LT              [ shift and go to state 41 ]
  ! LE              [ shift and go to state 42 ]
  ! GE              [ shift and go to state 43 ]
  ! GT              [ shift and go to state 44 ]
  ! EQ              [ shift and go to state 45 ]
  ! NE              [ shift and go to state 46 ]


state 67

    (47) expr -> expr GT expr .
    (37) expr -> expr . PLUS expr
    (38) expr -> expr . MINUS expr
    (39) expr -> expr . TIMES expr
    (40) expr -> expr . DIVIDE expr
    (42) expr -> expr . LOR expr
    (43) expr -> expr . LAND expr
    (44) expr -> expr . LT expr
    (45) expr -> expr . LE expr
    (46) expr -> expr . GE expr
    (47) expr -> expr . GT expr
    (48) expr -> expr . EQ expr
    (49) expr -> expr . NE expr

    SEMI            reduce using rule 47 (expr -> expr GT expr .)
    LOR             reduce using rule 47 (expr -> expr GT expr .)
    LAND            reduce using rule 47 (expr -> expr GT expr .)
    LT              reduce using rule 47 (expr -> expr GT expr .)
    LE              reduce using rule 47 (expr -> expr GT expr .)
    GE              reduce using rule 47 (expr -> expr GT expr .)
    GT              reduce using rule 47 (expr -> expr GT expr .)
    EQ              reduce using rule 47 (expr -> expr GT expr .)
    NE              reduce using rule 47 (expr -> expr GT expr .)
    RPAREN          reduce using rule 47 (expr -> expr GT expr .)
    PLUS            shift and go to state 35
    MINUS           shift and go to state 36
    TIMES           shift and go to state 37
    DIVIDE          shift and go to state 38

  ! PLUS            [ reduce using rule 47 (expr -> expr GT expr .) ]
  ! MINUS           [ reduce using rule 47 (expr -> expr GT expr .) ]
  ! TIMES           [ reduce using rule 47 (expr -> expr GT expr .) ]
  ! DIVIDE          [ reduce using rule 47 (expr -> expr GT expr .) ]
  ! LOR             [ shift and go to state 39 ]
  ! LAND            [ shift and go to state 40 ]
  ! LT              [ shift and go to state 41 ]
  ! LE              [ shift and go to state 42 ]
  ! GE              [ shift and go to state 43 ]
  ! GT              [ shift and go to state 44 ]
  ! EQ              [ shift and go to state 45 ]
  ! NE              [ shift and go to state 46 ]


state 68

    (48) expr -> expr EQ expr .
    (37) expr -> expr . PLUS expr
    (38) expr -> expr . MINUS expr
    (39) expr -> expr . TIMES expr
    (40) expr -> expr . DIVIDE expr
    (42) expr -> expr . LOR expr
    (43) expr -> expr . LAND expr
    (44) expr -> expr . LT expr
    (45) expr -> expr . LE expr
    (46) expr -> expr . GE expr
    (47) expr -> expr . GT expr
    (48) expr -> expr . EQ expr
    (49) expr -> expr . NE expr

    SEMI            reduce using rule 48 (expr -> expr EQ expr .)
    LOR             reduce using rule 48 (expr -> expr EQ expr .)
    LAND            reduce using rule 48 (expr -> expr EQ expr .)
    EQ              reduce using rule 48 (expr -> expr EQ expr .)
    NE              reduce using rule 48 (expr -> expr EQ expr .)
    RPAREN          reduce using rule 48 (expr -> expr EQ expr .)
    PLUS            shift and go to state 35
    MINUS           shift and go to state 36
    TIMES           shift and go to state 37
    DIVIDE          shift and go to state 38
    LT              shift and go to state 41
    LE              shift and go to state 42
    GE              shift and go to state 43
    GT              shift and go to state 44

  ! PLUS            [ reduce using rule 48 (expr -> expr EQ expr .) ]
  ! MINUS           [ reduce using rule 48 (expr -> expr EQ expr .) ]
  ! TIMES           [ reduce using rule 48 (expr -> expr EQ expr .) ]
  ! DIVIDE          [ reduce using rule 48 (expr -> expr EQ expr .) ]
  ! LT              [ reduce using rule 48 (expr -> expr EQ expr .) ]
  ! LE              [ reduce using rule 48 (expr -> expr EQ expr .) ]
  ! GE              [ reduce using rule 48 (expr -> expr EQ expr .) ]
  ! GT              [ reduce using rule 48 (expr -> expr EQ expr .) ]
  ! LOR             [ shift and go to state 39 ]
  ! LAND            [ shift and go to state 40 ]
  ! EQ              [ shift and go to state 45 ]
  ! NE              [ shift and go to state 46 ]


state 69

    (49) expr -> expr NE expr .
    (37) expr -> expr . PLUS expr
    (38) expr -> expr . MINUS expr
    (39) expr -> expr . TIMES expr
    (40) expr -> expr . DIVIDE expr
    (42) expr -> expr . LOR expr
    (43) expr -> expr . LAND expr
    (44) expr -> expr . LT expr
    (45) expr -> expr . LE expr
    (46) expr -> expr . GE expr
    (47) expr -> expr . GT expr
    (48) expr -> expr . EQ expr
    (49) expr -> expr . NE expr

    SEMI            reduce using rule 49 (expr -> expr NE expr .)
    LOR             reduce using rule 49 (expr -> expr NE expr .)
    LAND            reduce using rule 49 (expr -> expr NE expr .)
    EQ              reduce using rule 49 (expr -> expr NE expr .)
    NE              reduce using rule 49 (expr -> expr NE expr .)
    RPAREN          reduce using rule 49 (expr -> expr NE expr .)
    PLUS            shift and go to state 35
    MINUS           shift and go to state 36
    TIMES           shift and go to state 37
    DIVIDE          shift and go to state 38
    LT              shift and go to state 41
    LE              shift and go to state 42
    GE              shift and go to state 43
    GT              shift and go to state 44

  ! PLUS            [ reduce using rule 49 (expr -> expr NE expr .) ]
  ! MINUS           [ reduce using rule 49 (expr -> expr NE expr .) ]
  ! TIMES           [ reduce using rule 49 (expr -> expr NE expr .) ]
  ! DIVIDE          [ reduce using rule 49 (expr -> expr NE expr .) ]
  ! LT              [ reduce using rule 49 (expr -> expr NE expr .) ]
  ! LE              [ reduce using rule 49 (expr -> expr NE expr .) ]
  ! GE              [ reduce using rule 49 (expr -> expr NE expr .) ]
  ! GT              [ reduce using rule 49 (expr -> expr NE expr .) ]
  ! LOR             [ shift and go to state 39 ]
  ! LAND            [ shift and go to state 40 ]
  ! EQ              [ shift and go to state 45 ]
  ! NE              [ shift and go to state 46 ]


state 70

    (30) var_def -> var_type ID multiple_var_def .

    ID              reduce using rule 30 (var_def -> var_type ID multiple_var_def .)
    INT_CONST       reduce using rule 30 (var_def -> var_type ID multiple_var_def .)
    STRING_CONST    reduce using rule 30 (var_def -> var_type ID multiple_var_def .)
    LPAREN          reduce using rule 30 (var_def -> var_type ID multiple_var_def .)
    LNOT            reduce using rule 30 (var_def -> var_type ID multiple_var_def .)
    INT             reduce using rule 30 (var_def -> var_type ID multiple_var_def .)
    STRING          reduce using rule 30 (var_def -> var_type ID multiple_var_def .)
    VOID            reduce using rule 30 (var_def -> var_type ID multiple_var_def .)
    RBRACE          reduce using rule 30 (var_def -> var_type ID multiple_var_def .)


state 71

    (31) multiple_var_def -> SEMI .

    ID              reduce using rule 31 (multiple_var_def -> SEMI .)
    INT_CONST       reduce using rule 31 (multiple_var_def -> SEMI .)
    STRING_CONST    reduce using rule 31 (multiple_var_def -> SEMI .)
    LPAREN          reduce using rule 31 (multiple_var_def -> SEMI .)
    LNOT            reduce using rule 31 (multiple_var_def -> SEMI .)
    INT             reduce using rule 31 (multiple_var_def -> SEMI .)
    STRING          reduce using rule 31 (multiple_var_def -> SEMI .)
    VOID            reduce using rule 31 (multiple_var_def -> SEMI .)
    RBRACE          reduce using rule 31 (multiple_var_def -> SEMI .)


state 72

    (32) multiple_var_def -> COMMA . ID multiple_var_def

    ID              shift and go to state 82


state 73

    (29) var_assignment -> ID EQUALS expr . SEMI
    (37) expr -> expr . PLUS expr
    (38) expr -> expr . MINUS expr
    (39) expr -> expr . TIMES expr
    (40) expr -> expr . DIVIDE expr
    (42) expr -> expr . LOR expr
    (43) expr -> expr . LAND expr
    (44) expr -> expr . LT expr
    (45) expr -> expr . LE expr
    (46) expr -> expr . GE expr
    (47) expr -> expr . GT expr
    (48) expr -> expr . EQ expr
    (49) expr -> expr . NE expr

    SEMI            shift and go to state 83
    PLUS            shift and go to state 35
    MINUS           shift and go to state 36
    TIMES           shift and go to state 37
    DIVIDE          shift and go to state 38
    LOR             shift and go to state 39
    LAND            shift and go to state 40
    LT              shift and go to state 41
    LE              shift and go to state 42
    GE              shift and go to state 43
    GT              shift and go to state 44
    EQ              shift and go to state 45
    NE              shift and go to state 46


state 74

    (36) expr -> LPAREN expr RPAREN .

    SEMI            reduce using rule 36 (expr -> LPAREN expr RPAREN .)
    PLUS            reduce using rule 36 (expr -> LPAREN expr RPAREN .)
    MINUS           reduce using rule 36 (expr -> LPAREN expr RPAREN .)
    TIMES           reduce using rule 36 (expr -> LPAREN expr RPAREN .)
    DIVIDE          reduce using rule 36 (expr -> LPAREN expr RPAREN .)
    LOR             reduce using rule 36 (expr -> LPAREN expr RPAREN .)
    LAND            reduce using rule 36 (expr -> LPAREN expr RPAREN .)
    LT              reduce using rule 36 (expr -> LPAREN expr RPAREN .)
    LE              reduce using rule 36 (expr -> LPAREN expr RPAREN .)
    GE              reduce using rule 36 (expr -> LPAREN expr RPAREN .)
    GT              reduce using rule 36 (expr -> LPAREN expr RPAREN .)
    EQ              reduce using rule 36 (expr -> LPAREN expr RPAREN .)
    NE              reduce using rule 36 (expr -> LPAREN expr RPAREN .)
    RPAREN          reduce using rule 36 (expr -> LPAREN expr RPAREN .)


state 75

    (14) class_def -> CLASS ID COLON ID class_body .

    CLASS           reduce using rule 14 (class_def -> CLASS ID COLON ID class_body .)
    INT             reduce using rule 14 (class_def -> CLASS ID COLON ID class_body .)
    STRING          reduce using rule 14 (class_def -> CLASS ID COLON ID class_body .)
    VOID            reduce using rule 14 (class_def -> CLASS ID COLON ID class_body .)
    ID              reduce using rule 14 (class_def -> CLASS ID COLON ID class_body .)
    $end            reduce using rule 14 (class_def -> CLASS ID COLON ID class_body .)


state 76

    (15) class_body -> LBRACE . class_members RBRACE
    (16) class_members -> . field_def
    (17) class_members -> . func_def
    (18) field_def -> . var_type ID multiple_field_def
    (5) func_def -> . func_header func_body
    (21) var_type -> . INT
    (22) var_type -> . STRING
    (23) var_type -> . VOID
    (24) var_type -> . ID
    (6) func_header -> . var_type ID LPAREN param_list RPAREN

    INT             shift and go to state 9
    STRING          shift and go to state 10
    VOID            shift and go to state 11
    ID              shift and go to state 7

    class_members                  shift and go to state 84
    field_def                      shift and go to state 85
    func_def                       shift and go to state 86
    var_type                       shift and go to state 87
    func_header                    shift and go to state 5

state 77

    (10) func_param_def -> var_type ID .

    COMMA           reduce using rule 10 (func_param_def -> var_type ID .)
    RPAREN          reduce using rule 10 (func_param_def -> var_type ID .)


state 78

    (6) func_header -> var_type ID LPAREN param_list RPAREN .

    LBRACE          reduce using rule 6 (func_header -> var_type ID LPAREN param_list RPAREN .)


state 79

    (11) func_param -> func_param_def next_param .

    RPAREN          reduce using rule 11 (func_param -> func_param_def next_param .)


state 80

    (12) next_param -> COMMA . func_param_def
    (10) func_param_def -> . var_type ID
    (21) var_type -> . INT
    (22) var_type -> . STRING
    (23) var_type -> . VOID
    (24) var_type -> . ID

    INT             shift and go to state 9
    STRING          shift and go to state 10
    VOID            shift and go to state 11
    ID              shift and go to state 7

    func_param_def                 shift and go to state 88
    var_type                       shift and go to state 53

state 81

    (13) next_param -> empty .

    RPAREN          reduce using rule 13 (next_param -> empty .)


state 82

    (32) multiple_var_def -> COMMA ID . multiple_var_def
    (31) multiple_var_def -> . SEMI
    (32) multiple_var_def -> . COMMA ID multiple_var_def

    SEMI            shift and go to state 71
    COMMA           shift and go to state 72

    multiple_var_def               shift and go to state 89

state 83

    (29) var_assignment -> ID EQUALS expr SEMI .

    ID              reduce using rule 29 (var_assignment -> ID EQUALS expr SEMI .)
    INT_CONST       reduce using rule 29 (var_assignment -> ID EQUALS expr SEMI .)
    STRING_CONST    reduce using rule 29 (var_assignment -> ID EQUALS expr SEMI .)
    LPAREN          reduce using rule 29 (var_assignment -> ID EQUALS expr SEMI .)
    LNOT            reduce using rule 29 (var_assignment -> ID EQUALS expr SEMI .)
    INT             reduce using rule 29 (var_assignment -> ID EQUALS expr SEMI .)
    STRING          reduce using rule 29 (var_assignment -> ID EQUALS expr SEMI .)
    VOID            reduce using rule 29 (var_assignment -> ID EQUALS expr SEMI .)
    RBRACE          reduce using rule 29 (var_assignment -> ID EQUALS expr SEMI .)


state 84

    (15) class_body -> LBRACE class_members . RBRACE

    RBRACE          shift and go to state 90


state 85

    (16) class_members -> field_def .

    RBRACE          reduce using rule 16 (class_members -> field_def .)


state 86

    (17) class_members -> func_def .

    RBRACE          reduce using rule 17 (class_members -> func_def .)


state 87

    (18) field_def -> var_type . ID multiple_field_def
    (6) func_header -> var_type . ID LPAREN param_list RPAREN

    ID              shift and go to state 91


state 88

    (12) next_param -> COMMA func_param_def .

    RPAREN          reduce using rule 12 (next_param -> COMMA func_param_def .)


state 89

    (32) multiple_var_def -> COMMA ID multiple_var_def .

    ID              reduce using rule 32 (multiple_var_def -> COMMA ID multiple_var_def .)
    INT_CONST       reduce using rule 32 (multiple_var_def -> COMMA ID multiple_var_def .)
    STRING_CONST    reduce using rule 32 (multiple_var_def -> COMMA ID multiple_var_def .)
    LPAREN          reduce using rule 32 (multiple_var_def -> COMMA ID multiple_var_def .)
    LNOT            reduce using rule 32 (multiple_var_def -> COMMA ID multiple_var_def .)
    INT             reduce using rule 32 (multiple_var_def -> COMMA ID multiple_var_def .)
    STRING          reduce using rule 32 (multiple_var_def -> COMMA ID multiple_var_def .)
    VOID            reduce using rule 32 (multiple_var_def -> COMMA ID multiple_var_def .)
    RBRACE          reduce using rule 32 (multiple_var_def -> COMMA ID multiple_var_def .)


state 90

    (15) class_body -> LBRACE class_members RBRACE .

    CLASS           reduce using rule 15 (class_body -> LBRACE class_members RBRACE .)
    INT             reduce using rule 15 (class_body -> LBRACE class_members RBRACE .)
    STRING          reduce using rule 15 (class_body -> LBRACE class_members RBRACE .)
    VOID            reduce using rule 15 (class_body -> LBRACE class_members RBRACE .)
    ID              reduce using rule 15 (class_body -> LBRACE class_members RBRACE .)
    $end            reduce using rule 15 (class_body -> LBRACE class_members RBRACE .)


state 91

    (18) field_def -> var_type ID . multiple_field_def
    (6) func_header -> var_type ID . LPAREN param_list RPAREN
    (19) multiple_field_def -> . SEMI
    (20) multiple_field_def -> . COLON ID multiple_field_def

    LPAREN          shift and go to state 30
    SEMI            shift and go to state 93
    COLON           shift and go to state 94

    multiple_field_def             shift and go to state 92

state 92

    (18) field_def -> var_type ID multiple_field_def .

    RBRACE          reduce using rule 18 (field_def -> var_type ID multiple_field_def .)


state 93

    (19) multiple_field_def -> SEMI .

    RBRACE          reduce using rule 19 (multiple_field_def -> SEMI .)


state 94

    (20) multiple_field_def -> COLON . ID multiple_field_def

    ID              shift and go to state 95


state 95

    (20) multiple_field_def -> COLON ID . multiple_field_def
    (19) multiple_field_def -> . SEMI
    (20) multiple_field_def -> . COLON ID multiple_field_def

    SEMI            shift and go to state 93
    COLON           shift and go to state 94

    multiple_field_def             shift and go to state 96

state 96

    (20) multiple_field_def -> COLON ID multiple_field_def .

    RBRACE          reduce using rule 20 (multiple_field_def -> COLON ID multiple_field_def .)

